<?xml version="1.0" encoding="UTF-8"?>
<!-- Generated by org.testng.reporters.JUnitReportReporter -->
<testsuite hostname="Midhun" failures="0" tests="1" name="seleniumBasics.TestNGAnnotations" time="0.017" errors="0" timestamp="2025-05-07T13:49:48 IST" skipped="0">
  <testcase classname="seleniumBasics.TestNGAnnotations" name="testcase" time="0.017"/>
</testsuite> <!-- seleniumBasics.TestNGAnnotations -->
