<?xml version="1.0" encoding="UTF-8"?>
<!-- Generated by org.testng.reporters.JUnitReportReporter -->
<testsuite hostname="Midhun" failures="0" tests="1" name="testScript.LoginTest" time="5.571" errors="0" timestamp="2025-05-09T13:57:20 IST" skipped="0">
  <testcase classname="testScript.LoginTest" name="verifyUserCanSucessfullyLoginWithValidCreditionals" time="5.571"/>
</testsuite> <!-- testScript.LoginTest -->
